<?xml version="1.0" encoding="UTF-8"?>
<!-- Generated by org.testng.reporters.JUnitReportReporter -->
<testsuite skipped="0" hostname="DESKTOP-NF7LGVO" name="sanitytests.DataDrivenUserLogin" tests="3" failures="0" timestamp="11 Aug 2017 05:04:22 GMT" time="41.000" errors="0">
  <testcase name="login" time="14.210" classname="sanitytests.DataDrivenUserLogin"/>
  <testcase name="login" time="13.944" classname="sanitytests.DataDrivenUserLogin"/>
  <testcase name="login" time="12.846" classname="sanitytests.DataDrivenUserLogin"/>
</testsuite> <!-- sanitytests.DataDrivenUserLogin -->
