<?xml version="1.0" encoding="UTF-8"?>
<!-- Generated by org.testng.reporters.JUnitReportReporter -->
<testsuite skipped="0" hostname="DESKTOP-NF7LGVO" name="com.test.functional.UserLogin" tests="3" failures="0" timestamp="03 Aug 2017 01:57:39 GMT" time="0.000" errors="0">
  <testcase name="addVendor" time="0.000" classname="com.test.functional.UserLogin"/>
  <testcase name="addProduct" time="0.000" classname="com.test.functional.UserLogin"/>
  <testcase name="addCurrency" time="0.000" classname="com.test.functional.UserLogin"/>
</testsuite> <!-- com.test.functional.UserLogin -->
