<?xml version="1.0" encoding="UTF-8"?>
<!-- Generated by org.testng.reporters.JUnitReportReporter -->
<testsuite skipped="0" hostname="DESKTOP-NF7LGVO" name="com.test.functional.UserRegistration" tests="3" failures="0" timestamp="03 Aug 2017 01:57:39 GMT" time="0.000" errors="0">
  <testcase name="deleteVendor" time="0.000" classname="com.test.functional.UserRegistration"/>
  <testcase name="deleteProduct" time="0.000" classname="com.test.functional.UserRegistration"/>
  <testcase name="deleteCurrency" time="0.000" classname="com.test.functional.UserRegistration"/>
</testsuite> <!-- com.test.functional.UserRegistration -->
