<?xml version="1.0" encoding="UTF-8"?>
<!-- Generated by org.testng.reporters.JUnitReportReporter -->
<testsuite skipped="0" hostname="DESKTOP-NF7LGVO" name="com.test.automation.uiAutomation.homepage.TC001_VerifyLoginWithInvalidCredentials" tests="1" failures="0" timestamp="12 Aug 2017 21:34:43 GMT" time="7.050" errors="0">
  <testcase name="verifyLoginWithInvalidCredentials" time="7.050" classname="com.test.automation.uiAutomation.homepage.TC001_VerifyLoginWithInvalidCredentials"/>
</testsuite> <!-- com.test.automation.uiAutomation.homepage.TC001_VerifyLoginWithInvalidCredentials -->
