<?xml version="1.0" encoding="UTF-8"?>
<!-- Generated by org.testng.reporters.JUnitReportReporter -->
<testsuite skipped="0" hostname="DESKTOP-NF7LGVO" name="com.test.automation.uiAutomation.homepage.TC001_VerifyLoginWithInvalidCredentials" tests="1" failures="0" timestamp="03 Sep 2017 01:55:00 GMT" time="7.403" errors="0">
  <testcase name="verifyLoginWithInvalidCredentials" time="7.403" classname="com.test.automation.uiAutomation.homepage.TC001_VerifyLoginWithInvalidCredentials"/>
</testsuite> <!-- com.test.automation.uiAutomation.homepage.TC001_VerifyLoginWithInvalidCredentials -->
